<?xml version="1.0" encoding="UTF-8"?>
<testsuite name="com.osrsflipperv2.runelite.BackendEndpointsTest" tests="3" skipped="0" failures="0" errors="0" timestamp="2026-06-24T13:40:14" hostname="DESKTOP-T0HJF93" time="0.034">
  <properties/>
  <testcase name="requiresExplicitBaseUrlOutsideLocal()" classname="com.osrsflipperv2.runelite.BackendEndpointsTest" time="0.027"/>
  <testcase name="resolvesLocalDefault()" classname="com.osrsflipperv2.runelite.BackendEndpointsTest" time="0.002"/>
  <testcase name="normalizesExplicitBaseUrl()" classname="com.osrsflipperv2.runelite.BackendEndpointsTest" time="0.002"/>
  <system-out><![CDATA[]]></system-out>
  <system-err><![CDATA[]]></system-err>
</testsuite>
